[dotenv@17.2.3] injecting env (7) from .env -- tip: 🔐 prevent committing .env to code: https://dotenvx.com/precommit
🔌 Attempting Real MySQL: { host: '127.0.0.1', user: 'root', db: 'Metamax', port: '3306' }
Server running on port 5050
✅ MySQL Live! Swapping to Real DB.
✅ MySQL Connected Successfully
Querying: REAL
Querying: REAL
Querying: REAL
Querying: REAL
Querying: REAL
Querying: REAL
Querying: REAL
Querying: REAL
Querying: REAL
Querying: REAL
Querying: REAL
Querying: REAL
Querying: REAL
Querying: REAL
Querying: REAL
Querying: REAL
Querying: REAL
Querying: REAL
Querying: REAL
Querying: REAL
Querying: REAL
Querying: REAL
Querying: REAL
Querying: REAL
Querying: REAL
Querying: REAL
Querying: REAL
Querying: REAL
Querying: REAL
Querying: REAL
Querying: REAL
Querying: REAL
Querying: REAL
Querying: REAL
Querying: REAL
Querying: REAL
Querying: REAL
Querying: REAL
Querying: REAL
Querying: REAL
Querying: REAL
Querying: REAL
Querying: REAL
Querying: REAL
Querying: REAL
Querying: REAL
Querying: REAL
Querying: REAL
Querying: REAL
Querying: REAL
Querying: REAL
Querying: REAL
Querying: REAL
Querying: REAL
Querying: REAL
Querying: REAL
Querying: REAL
Querying: REAL
Querying: REAL
Querying: REAL
Querying: REAL
Querying: REAL
Querying: REAL
Querying: REAL
Querying: REAL
Querying: REAL
Querying: REAL
Querying: REAL
Querying: REAL
Querying: REAL
Querying: REAL
Querying: REAL
Querying: REAL
Querying: REAL
Querying: REAL
Querying: REAL
Querying: REAL
Querying: REAL
Querying: REAL
Querying: REAL
Querying: REAL
Querying: REAL
Querying: REAL
Querying: REAL
Querying: REAL
Querying: REAL
Querying: REAL
Querying: REAL
Querying: REAL
Querying: REAL
Querying: REAL
Querying: REAL
Querying: REAL
Querying: REAL
Querying: REAL
Querying: REAL
Querying: REAL
Querying: REAL
Querying: REAL
Querying: REAL
Querying: REAL
Querying: REAL
Querying: REAL
Querying: REAL
Querying: REAL
Querying: REAL
Querying: REAL
Querying: REAL
Querying: REAL
Querying: REAL
Querying: REAL
Querying: REAL
Querying: REAL
Querying: REAL
Querying: REAL
Querying: REAL
Querying: REAL
Querying: REAL
Querying: REAL
Querying: REAL
Querying: REAL
Querying: REAL
Querying: REAL
Querying: REAL
Querying: REAL
Querying: REAL
Querying: REAL
Querying: REAL
Querying: REAL
Querying: REAL
Querying: REAL
Querying: REAL
Querying: REAL
Querying: REAL
Querying: REAL
Querying: REAL
Querying: REAL
Querying: REAL
Querying: REAL
Querying: REAL
Querying: REAL
Querying: REAL
Querying: REAL
Querying: REAL
Querying: REAL
Querying: REAL
Querying: REAL
Querying: REAL
Querying: REAL
Querying: REAL
Querying: REAL
Querying: REAL
Querying: REAL
Querying: REAL
Querying: REAL
Querying: REAL
Querying: REAL
Querying: REAL
Querying: REAL
Querying: REAL
Querying: REAL
Querying: REAL
Querying: REAL
Querying: REAL
Querying: REAL
Querying: REAL
Querying: REAL
Querying: REAL
Querying: REAL
Querying: REAL
Querying: REAL
Querying: REAL
Querying: REAL
Querying: REAL
Querying: REAL
Querying: REAL
Querying: REAL
Querying: REAL
Querying: REAL
Querying: REAL
Querying: REAL
Querying: REAL
Querying: REAL
Querying: REAL
Querying: REAL
Querying: REAL
Querying: REAL
Querying: REAL
Querying: REAL
Querying: REAL
Querying: REAL
Querying: REAL
Querying: REAL
Querying: REAL
Querying: REAL
Querying: REAL
Querying: REAL
Querying: REAL
Querying: REAL
Querying: REAL
Querying: REAL
Querying: REAL
Querying: REAL
Querying: REAL
Querying: REAL
Querying: REAL
Querying: REAL
Querying: REAL
Querying: REAL
Querying: REAL
Querying: REAL
Querying: REAL
Querying: REAL
Querying: REAL
Querying: REAL
Querying: REAL
Querying: REAL
Querying: REAL
Querying: REAL
Querying: REAL
Querying: REAL
Querying: REAL
Querying: REAL
Querying: REAL
Querying: REAL
Querying: REAL
Querying: REAL
Querying: REAL
Querying: REAL
Querying: REAL
Querying: REAL
Querying: REAL
Querying: REAL
Querying: REAL
Querying: REAL
Querying: REAL
Querying: REAL
Querying: REAL
Querying: REAL
Querying: REAL
Querying: REAL
Querying: REAL
Querying: REAL
Querying: REAL
Querying: REAL
Querying: REAL
Querying: REAL
Querying: REAL
Querying: REAL
Querying: REAL
Querying: REAL
Querying: REAL
Querying: REAL
Querying: REAL
Querying: REAL
Querying: REAL
Querying: REAL
Querying: REAL
Querying: REAL
Querying: REAL
Querying: REAL
Querying: REAL
Querying: REAL
Querying: REAL
Querying: REAL
Querying: REAL
Querying: REAL
Querying: REAL
Querying: REAL
Querying: REAL
Querying: REAL
Querying: REAL
Querying: REAL
Querying: REAL
Querying: REAL
Querying: REAL
Querying: REAL
Querying: REAL
Querying: REAL
Querying: REAL
Querying: REAL
Querying: REAL
Querying: REAL
Querying: REAL
Querying: REAL
Querying: REAL
Querying: REAL
Querying: REAL
Querying: REAL
Querying: REAL
Querying: REAL
Querying: REAL
Querying: REAL
Querying: REAL
Querying: REAL
Querying: REAL
Querying: REAL
Querying: REAL
Querying: REAL
Querying: REAL
Querying: REAL
Querying: REAL
Querying: REAL
